Removed Pin From Net: NetName=SCL Pin=Pitch MC-10
Removed Pin From Net: NetName=SDA Pin=Pitch MC-11
Added Pin To Net: NetName=SCL Pin=Plane IMU-2
Added Pin To Net: NetName=SDA Pin=Plane IMU-3
Change Net Name : Old Net Name=SCL New Net Name=SCL_1
Change Net Name : Old Net Name=SDA New Net Name=SDA_1
Added Pin To Net: NetName=SCL_2 Pin=Gimbal IMU-4
Added Pin To Net: NetName=SCL_2 Pin=Pitch MC-10
Added Pin To Net: NetName=SCL_2 Pin=R15-2
Added Net: Name=SCL_2
Added Pin To Net: NetName=SDA_2 Pin=Gimbal IMU-5
Added Pin To Net: NetName=SDA_2 Pin=Pitch MC-11
Added Pin To Net: NetName=SDA_2 Pin=R14-2
Added Net: Name=SDA_2
Added Member To Class: ClassName=Test Pins Member=Component 3.3V S2761-46R
Added Member To Class: ClassName=Test Pins Member=Component 3.3V S2761-46R
Added Member To Class: ClassName=Test Pins Member=Component 3.3V S2761-46R
Added Member To Class: ClassName=Test Pins Member=Component 5V S2761-46R
Added Member To Class: ClassName=Test Pins Member=Component 5V S2761-46R
Added Member To Class: ClassName=Test Pins Member=Component 5V S2761-46R
Added Member To Class: ClassName=Test Pins Member=Component 10V S2761-46R
Added Rule: Name=Schematic Supply Nets
Added Rule: Name=Schematic Supply Nets_1
Added Rule: Name=Schematic Supply Nets_2
Added Rule: Name=Schematic Supply Nets_3
Added Rule: Name=Schematic Supply Nets_4
